[2025-07-10 14:12:42,701]:INFO: common  YAML file loaded successfully from config\config.yaml:]
[2025-07-10 14:17:38,458]:INFO: common  YAML file loaded successfully from config\config.yaml:]
[2025-07-10 14:24:35,054]:INFO: common  YAML file loaded successfully from config\config.yaml:]
[2025-07-10 14:30:50,325]:INFO: common  YAML file loaded successfully from config\config.yaml:]
[2025-07-10 14:40:08,767]:INFO: common  YAML file loaded successfully from config\config.yaml:]
[2025-07-10 14:43:37,519]:INFO: common  YAML file loaded successfully from config\config.yaml:]
[2025-07-10 16:09:51,743]:INFO: common  YAML file loaded successfully from M:\job hunt\Harrisburg University Documents\ML Project\Kris_Naik_series_Projects\Kidney_Disease_classi\NephroFlow\config\config.yaml:]
[2025-07-10 16:11:25,367]:INFO: common  YAML file loaded successfully from M:\job hunt\Harrisburg University Documents\ML Project\Kris_Naik_series_Projects\Kidney_Disease_classi\NephroFlow\config\config.yaml:]
[2025-07-10 16:11:25,371]:INFO: common  YAML file loaded successfully from M:\job hunt\Harrisburg University Documents\ML Project\Kris_Naik_series_Projects\Kidney_Disease_classi\NephroFlow\param.yaml:]
[2025-07-10 16:11:25,374]:INFO: common  Created directory: artifacts/:]
[2025-07-10 16:11:25,376]:INFO: common  Created directory: artifacts/data_ingestion:]
[2025-07-10 16:11:25,377]:INFO: 909571938  Unzipping research/Normal&Tumor.zip to artifacts/data_ingestion/unzipped_data:]
[2025-07-10 16:11:38,195]:INFO: 909571938  Extraction completed.:]
[2025-07-10 16:37:25,491]:INFO: main  Data Ingestion stage started:]
[2025-07-10 16:37:25,492]:INFO: common  YAML file loaded successfully from M:\job hunt\Harrisburg University Documents\ML Project\Kris_Naik_series_Projects\Kidney_Disease_classi\NephroFlow\config\config.yaml:]
[2025-07-10 16:37:25,493]:INFO: common  YAML file loaded successfully from M:\job hunt\Harrisburg University Documents\ML Project\Kris_Naik_series_Projects\Kidney_Disease_classi\NephroFlow\param.yaml:]
[2025-07-10 16:37:25,494]:INFO: common  Created directory: artifacts/:]
[2025-07-10 16:37:25,494]:INFO: common  Created directory: artifacts/data_ingestion:]
[2025-07-10 16:37:25,495]:INFO: data_ingestion  Unzipping research/Normal&Tumor.zip to artifacts/data_ingestion/unzipped_data:]
[2025-07-10 16:37:42,942]:INFO: data_ingestion  Extraction completed.:]
[2025-07-10 16:37:42,945]:INFO: main  Data Ingestion stage completed successfully:]
[2025-07-11 01:28:54,244]:INFO: common  YAML file loaded successfully from M:\job hunt\Harrisburg University Documents\ML Project\Kris_Naik_series_Projects\Kidney_Disease_classi\NephroFlow\config\config.yaml:]
[2025-07-11 01:28:54,265]:INFO: common  YAML file loaded successfully from M:\job hunt\Harrisburg University Documents\ML Project\Kris_Naik_series_Projects\Kidney_Disease_classi\NephroFlow\param.yaml:]
[2025-07-11 01:28:54,270]:INFO: common  Created directory: artifacts/:]
[2025-07-11 01:32:28,156]:INFO: common  YAML file loaded successfully from M:\job hunt\Harrisburg University Documents\ML Project\Kris_Naik_series_Projects\Kidney_Disease_classi\NephroFlow\config\config.yaml:]
[2025-07-11 01:32:28,163]:INFO: common  YAML file loaded successfully from M:\job hunt\Harrisburg University Documents\ML Project\Kris_Naik_series_Projects\Kidney_Disease_classi\NephroFlow\param.yaml:]
[2025-07-11 01:32:28,166]:INFO: common  Created directory: artifacts/:]
[2025-07-11 01:35:05,919]:INFO: common  YAML file loaded successfully from M:\job hunt\Harrisburg University Documents\ML Project\Kris_Naik_series_Projects\Kidney_Disease_classi\NephroFlow\config\config.yaml:]
[2025-07-11 01:35:05,925]:INFO: common  YAML file loaded successfully from M:\job hunt\Harrisburg University Documents\ML Project\Kris_Naik_series_Projects\Kidney_Disease_classi\NephroFlow\param.yaml:]
[2025-07-11 01:35:05,927]:INFO: common  Created directory: artifacts/:]
[2025-07-11 01:45:17,830]:INFO: common  YAML file loaded successfully from M:\job hunt\Harrisburg University Documents\ML Project\Kris_Naik_series_Projects\Kidney_Disease_classi\NephroFlow\config\config.yaml:]
[2025-07-11 01:45:17,833]:INFO: common  YAML file loaded successfully from M:\job hunt\Harrisburg University Documents\ML Project\Kris_Naik_series_Projects\Kidney_Disease_classi\NephroFlow\param.yaml:]
[2025-07-11 01:45:17,836]:INFO: common  Created directory: artifacts/:]
[2025-07-11 01:54:18,065]:INFO: common  YAML file loaded successfully from M:\job hunt\Harrisburg University Documents\ML Project\Kris_Naik_series_Projects\Kidney_Disease_classi\NephroFlow\config\config.yaml:]
[2025-07-11 01:54:18,069]:INFO: common  YAML file loaded successfully from M:\job hunt\Harrisburg University Documents\ML Project\Kris_Naik_series_Projects\Kidney_Disease_classi\NephroFlow\param.yaml:]
[2025-07-11 01:54:18,072]:INFO: common  Created directory: artifacts/:]
[2025-07-11 09:52:21,357]:INFO: common  YAML file loaded successfully from M:\job hunt\Harrisburg University Documents\ML Project\Kris_Naik_series_Projects\Kidney_Disease_classi\NephroFlow\config\config.yaml:]
[2025-07-11 09:52:21,362]:INFO: common  YAML file loaded successfully from M:\job hunt\Harrisburg University Documents\ML Project\Kris_Naik_series_Projects\Kidney_Disease_classi\NephroFlow\param.yaml:]
[2025-07-11 09:52:21,364]:INFO: common  Created directory: artifacts/:]
[2025-07-11 09:53:36,573]:INFO: common  YAML file loaded successfully from M:\job hunt\Harrisburg University Documents\ML Project\Kris_Naik_series_Projects\Kidney_Disease_classi\NephroFlow\config\config.yaml:]
[2025-07-11 09:53:36,577]:INFO: common  YAML file loaded successfully from M:\job hunt\Harrisburg University Documents\ML Project\Kris_Naik_series_Projects\Kidney_Disease_classi\NephroFlow\param.yaml:]
[2025-07-11 09:53:36,579]:INFO: common  Created directory: artifacts/:]
[2025-07-11 10:16:25,721]:INFO: common  YAML file loaded successfully from M:\job hunt\Harrisburg University Documents\ML Project\Kris_Naik_series_Projects\Kidney_Disease_classi\NephroFlow\config\config.yaml:]
[2025-07-11 10:16:25,724]:INFO: common  YAML file loaded successfully from M:\job hunt\Harrisburg University Documents\ML Project\Kris_Naik_series_Projects\Kidney_Disease_classi\NephroFlow\param.yaml:]
[2025-07-11 10:16:25,725]:INFO: common  Created directory: artifacts/:]
[2025-07-11 10:27:01,473]:INFO: common  YAML file loaded successfully from M:\job hunt\Harrisburg University Documents\ML Project\Kris_Naik_series_Projects\Kidney_Disease_classi\NephroFlow\config\config.yaml:]
[2025-07-11 10:27:01,477]:INFO: common  YAML file loaded successfully from M:\job hunt\Harrisburg University Documents\ML Project\Kris_Naik_series_Projects\Kidney_Disease_classi\NephroFlow\param.yaml:]
[2025-07-11 10:27:01,479]:INFO: common  Created directory: artifacts/:]
[2025-07-11 10:29:20,851]:INFO: common  YAML file loaded successfully from M:\job hunt\Harrisburg University Documents\ML Project\Kris_Naik_series_Projects\Kidney_Disease_classi\NephroFlow\config\config.yaml:]
[2025-07-11 10:29:20,855]:INFO: common  YAML file loaded successfully from M:\job hunt\Harrisburg University Documents\ML Project\Kris_Naik_series_Projects\Kidney_Disease_classi\NephroFlow\param.yaml:]
[2025-07-11 10:29:20,857]:INFO: common  Created directory: artifacts/:]
[2025-07-11 10:39:01,595]:INFO: common  YAML file loaded successfully from M:\job hunt\Harrisburg University Documents\ML Project\Kris_Naik_series_Projects\Kidney_Disease_classi\NephroFlow\config\config.yaml:]
[2025-07-11 10:39:01,608]:INFO: common  YAML file loaded successfully from M:\job hunt\Harrisburg University Documents\ML Project\Kris_Naik_series_Projects\Kidney_Disease_classi\NephroFlow\param.yaml:]
[2025-07-11 10:39:01,609]:INFO: common  Created directory: artifacts/:]
[2025-07-11 10:39:01,610]:INFO: common  Created directory: artifacts/prepare_base_model:]
[2025-07-11 10:41:35,374]:INFO: common  YAML file loaded successfully from M:\job hunt\Harrisburg University Documents\ML Project\Kris_Naik_series_Projects\Kidney_Disease_classi\NephroFlow\config\config.yaml:]
[2025-07-11 10:41:35,378]:INFO: common  YAML file loaded successfully from M:\job hunt\Harrisburg University Documents\ML Project\Kris_Naik_series_Projects\Kidney_Disease_classi\NephroFlow\param.yaml:]
[2025-07-11 10:41:35,381]:INFO: common  Created directory: artifacts/:]
[2025-07-11 10:41:35,383]:INFO: common  Created directory: artifacts/prepare_base_model:]
[2025-07-11 10:43:36,714]:INFO: common  YAML file loaded successfully from M:\job hunt\Harrisburg University Documents\ML Project\Kris_Naik_series_Projects\Kidney_Disease_classi\NephroFlow\config\config.yaml:]
[2025-07-11 10:43:36,719]:INFO: common  YAML file loaded successfully from M:\job hunt\Harrisburg University Documents\ML Project\Kris_Naik_series_Projects\Kidney_Disease_classi\NephroFlow\param.yaml:]
[2025-07-11 10:43:36,722]:INFO: common  Created directory: artifacts/:]
[2025-07-11 10:46:55,806]:INFO: common  YAML file loaded successfully from M:\job hunt\Harrisburg University Documents\ML Project\Kris_Naik_series_Projects\Kidney_Disease_classi\NephroFlow\config\config.yaml:]
[2025-07-11 10:46:55,818]:INFO: common  YAML file loaded successfully from M:\job hunt\Harrisburg University Documents\ML Project\Kris_Naik_series_Projects\Kidney_Disease_classi\NephroFlow\param.yaml:]
[2025-07-11 10:46:55,820]:INFO: common  Created directory: artifacts/:]
[2025-07-11 10:46:55,821]:INFO: common  Created directory: artifacts/prepare_base_model:]
[2025-07-11 10:46:58,811]:WARNING: saving_utils  Compiled the loaded model, but the compiled metrics have yet to be built. `model.compile_metrics` will be empty until you train or evaluate the model.:]
[2025-07-11 10:48:55,397]:INFO: common  YAML file loaded successfully from M:\job hunt\Harrisburg University Documents\ML Project\Kris_Naik_series_Projects\Kidney_Disease_classi\NephroFlow\config\config.yaml:]
[2025-07-11 10:48:55,401]:INFO: common  YAML file loaded successfully from M:\job hunt\Harrisburg University Documents\ML Project\Kris_Naik_series_Projects\Kidney_Disease_classi\NephroFlow\param.yaml:]
[2025-07-11 10:48:55,403]:INFO: common  Created directory: artifacts/:]
[2025-07-11 10:48:55,404]:INFO: common  Created directory: artifacts/prepare_base_model:]
[2025-07-11 10:48:55,772]:WARNING: saving_utils  Compiled the loaded model, but the compiled metrics have yet to be built. `model.compile_metrics` will be empty until you train or evaluate the model.:]
[2025-07-11 10:50:02,390]:INFO: common  YAML file loaded successfully from M:\job hunt\Harrisburg University Documents\ML Project\Kris_Naik_series_Projects\Kidney_Disease_classi\NephroFlow\config\config.yaml:]
[2025-07-11 10:50:02,393]:INFO: common  YAML file loaded successfully from M:\job hunt\Harrisburg University Documents\ML Project\Kris_Naik_series_Projects\Kidney_Disease_classi\NephroFlow\param.yaml:]
[2025-07-11 10:50:02,395]:INFO: common  Created directory: artifacts/:]
[2025-07-11 10:50:02,397]:INFO: common  Created directory: artifacts/prepare_base_model:]
[2025-07-11 10:50:02,761]:WARNING: saving_utils  Compiled the loaded model, but the compiled metrics have yet to be built. `model.compile_metrics` will be empty until you train or evaluate the model.:]
[2025-07-11 12:54:04,219]:INFO: main  Data Ingestion stage started:]
[2025-07-11 12:54:04,228]:INFO: common  YAML file loaded successfully from M:\job hunt\Harrisburg University Documents\ML Project\Kris_Naik_series_Projects\Kidney_Disease_classi\NephroFlow\config\config.yaml:]
[2025-07-11 12:54:04,229]:INFO: common  YAML file loaded successfully from M:\job hunt\Harrisburg University Documents\ML Project\Kris_Naik_series_Projects\Kidney_Disease_classi\NephroFlow\param.yaml:]
[2025-07-11 12:54:04,231]:INFO: common  Created directory: artifacts/:]
[2025-07-11 12:54:04,232]:INFO: common  Created directory: artifacts/data_ingestion:]
[2025-07-11 12:54:04,232]:INFO: data_ingestion  Unzipping research/Normal&Tumor.zip to artifacts/data_ingestion/unzipped_data:]
[2025-07-11 12:54:17,536]:INFO: data_ingestion  Extraction completed.:]
[2025-07-11 12:54:17,537]:INFO: main  Data Ingestion stage completed successfully:]
[2025-07-11 12:56:09,546]:INFO: main  Data Ingestion stage started:]
[2025-07-11 12:56:09,549]:INFO: common  YAML file loaded successfully from M:\job hunt\Harrisburg University Documents\ML Project\Kris_Naik_series_Projects\Kidney_Disease_classi\NephroFlow\config\config.yaml:]
[2025-07-11 12:56:09,551]:INFO: common  YAML file loaded successfully from M:\job hunt\Harrisburg University Documents\ML Project\Kris_Naik_series_Projects\Kidney_Disease_classi\NephroFlow\param.yaml:]
[2025-07-11 12:56:09,551]:INFO: common  Created directory: artifacts/:]
[2025-07-11 12:56:09,552]:INFO: common  Created directory: artifacts/data_ingestion:]
[2025-07-11 12:56:09,552]:INFO: data_ingestion  Unzipping research/Normal&Tumor.zip to artifacts/data_ingestion/unzipped_data:]
[2025-07-11 12:56:23,999]:INFO: data_ingestion  Extraction completed.:]
[2025-07-11 12:56:24,001]:INFO: main  Data Ingestion stage completed successfully:]
[2025-07-11 12:56:24,001]:INFO: main  >>>>> stage 02_prepare_base_model started <<<<<:]
[2025-07-11 12:56:24,004]:INFO: common  YAML file loaded successfully from M:\job hunt\Harrisburg University Documents\ML Project\Kris_Naik_series_Projects\Kidney_Disease_classi\NephroFlow\config\config.yaml:]
[2025-07-11 12:56:24,009]:INFO: common  YAML file loaded successfully from M:\job hunt\Harrisburg University Documents\ML Project\Kris_Naik_series_Projects\Kidney_Disease_classi\NephroFlow\param.yaml:]
[2025-07-11 12:56:24,010]:INFO: common  Created directory: artifacts/:]
[2025-07-11 12:56:24,011]:INFO: common  Created directory: artifacts/prepare_base_model:]
[2025-07-11 12:56:24,851]:WARNING: saving_utils  Compiled the loaded model, but the compiled metrics have yet to be built. `model.compile_metrics` will be empty until you train or evaluate the model.:]
[2025-07-11 12:56:25,168]:INFO: main  >>>>> stage 02_prepare_base_model completed <<<<<:]
